#0 building with "default" instance using docker driver

#1 [internal] load build definition from Dockerfile
#1 transferring dockerfile: 1.80kB done
#1 DONE 0.0s

#2 [internal] load metadata for docker.io/pytorch/pytorch:2.5.1-cuda12.4-cudnn9-runtime
#2 DONE 0.2s

#3 [internal] load .dockerignore
#3 transferring context: 2B done
#3 DONE 0.0s

#4 [ 1/10] FROM docker.io/pytorch/pytorch:2.5.1-cuda12.4-cudnn9-runtime@sha256:c8268a92a69bd500f8be0e665b2630ee006dadaf7bfbc24249141b15ff622755
#4 DONE 0.0s

#5 [internal] load build context
#5 transferring context: 192.22kB 0.0s done
#5 DONE 0.0s

#6 [ 3/10] WORKDIR /app
#6 CACHED

#7 [ 4/10] COPY requirements.txt .
#7 CACHED

#8 [ 2/10] RUN apt-get update && apt-get install -y     poppler-utils     tesseract-ocr     tesseract-ocr-eng     libgl1-mesa-glx     libglib2.0-0     libsm6     libxext6     libxrender-dev     curl     git     && rm -rf /var/lib/apt/lists/*
#8 CACHED

#9 [ 5/10] RUN python -m pip install --upgrade pip setuptools wheel &&     python -m pip install --no-cache-dir -r requirements.txt
#9 CACHED

#10 [ 6/10] COPY src/ ./src/
#10 DONE 0.2s

#11 [ 7/10] COPY process_discovered_documents.py .
#11 DONE 0.1s

#12 [ 8/10] COPY discover_documents.py .
#12 DONE 0.1s

#13 [ 9/10] COPY config.py .
#13 DONE 0.0s

#14 [10/10] RUN mkdir -p /data /logs
#14 DONE 0.4s

#15 exporting to image
#15 exporting layers 0.1s done
#15 writing image sha256:3a0e5e042fda29cac92aa93c72c36299aea4c80268845f4b0f3321fbc7bbc0d9 done
#15 naming to docker.io/library/docling-processor:gpu
#15 naming to docker.io/library/docling-processor:gpu done
#15 DONE 0.1s
